<?xml version="1.0" encoding="UTF-8"?>
<testng-results ignored="0" total="2" passed="2" failed="0" skipped="0">
  <reporter-output>
  </reporter-output>
  <suite started-at="2025-10-13T16:21:18 IST" name="Default suite" finished-at="2025-10-13T16:23:44 IST" duration-ms="146381">
    <groups>
    </groups>
    <test started-at="2025-10-13T16:21:18 IST" name="Search Test" finished-at="2025-10-13T16:23:44 IST" duration-ms="146381">
      <class name="test.SearchTest">
        <test-method is-config="true" signature="start()[pri:0, instance:test.SearchTest@7b02881e]" started-at="2025-10-13T16:21:18 IST" name="start" finished-at="2025-10-13T16:21:29 IST" duration-ms="10984" status="PASS">
          <reporter-output>
          </reporter-output>
        </test-method> <!-- start -->
        <test-method signature="searchbus()[pri:0, instance:test.SearchTest@7b02881e]" started-at="2025-10-13T16:21:29 IST" name="searchbus" finished-at="2025-10-13T16:21:45 IST" duration-ms="16366" status="PASS">
          <reporter-output>
          </reporter-output>
        </test-method> <!-- searchbus -->
        <test-method signature="resultbus()[pri:1, instance:test.SearchTest@7b02881e]" started-at="2025-10-13T16:21:45 IST" name="resultbus" finished-at="2025-10-13T16:23:44 IST" depends-on-methods="test.SearchTest.searchbus" duration-ms="118453" status="PASS">
          <reporter-output>
          </reporter-output>
        </test-method> <!-- resultbus -->
        <test-method is-config="true" signature="end()[pri:0, instance:test.SearchTest@7b02881e]" started-at="2025-10-13T16:23:44 IST" name="end" finished-at="2025-10-13T16:23:44 IST" duration-ms="480" status="PASS">
          <reporter-output>
          </reporter-output>
        </test-method> <!-- end -->
      </class> <!-- test.SearchTest -->
    </test> <!-- Search Test -->
  </suite> <!-- Default suite -->
</testng-results>
